..\..\..\system\bin\syncheck.ilk
..\..\..\system\bin\syncheck.pdb
C:\PSCF\src\pscf-solution\syncheck\..\..\..\system\bin\syncheck.exe
C:\PSCF\src\pscf-solution\syncheck\Debug\cl.command.1.tlog
C:\PSCF\src\pscf-solution\syncheck\Debug\CL.read.1.tlog
C:\PSCF\src\pscf-solution\syncheck\Debug\CL.write.1.tlog
C:\PSCF\SRC\PSCF-SOLUTION\SYNCHECK\DEBUG\COL.OBJ
C:\PSCF\SRC\PSCF-SOLUTION\SYNCHECK\DEBUG\GLOBALS.OBJ
C:\PSCF\SRC\PSCF-SOLUTION\SYNCHECK\DEBUG\LEX.YY.OBJ
C:\PSCF\src\pscf-solution\syncheck\Debug\link.10576.read.1.tlog
C:\PSCF\src\pscf-solution\syncheck\Debug\link.10576.write.1.tlog
C:\PSCF\src\pscf-solution\syncheck\Debug\link.10576-cvtres.read.1.tlog
C:\PSCF\src\pscf-solution\syncheck\Debug\link.10576-cvtres.write.1.tlog
C:\PSCF\src\pscf-solution\syncheck\Debug\link.command.1.tlog
C:\PSCF\src\pscf-solution\syncheck\Debug\link.read.1.tlog
C:\PSCF\src\pscf-solution\syncheck\Debug\link.write.1.tlog
C:\PSCF\src\pscf-solution\syncheck\Debug\link-cvtres.read.1.tlog
C:\PSCF\src\pscf-solution\syncheck\Debug\link-cvtres.write.1.tlog
C:\PSCF\SRC\PSCF-SOLUTION\SYNCHECK\DEBUG\MAIN.OBJ
C:\PSCF\SRC\PSCF-SOLUTION\SYNCHECK\DEBUG\MODEL.OBJ
C:\PSCF\src\pscf-solution\syncheck\Debug\mt.command.1.tlog
C:\PSCF\src\pscf-solution\syncheck\Debug\mt.read.1.tlog
C:\PSCF\src\pscf-solution\syncheck\Debug\mt.write.1.tlog
C:\PSCF\src\pscf-solution\syncheck\Debug\rc.command.1.tlog
C:\PSCF\src\pscf-solution\syncheck\Debug\rc.read.1.tlog
C:\PSCF\src\pscf-solution\syncheck\Debug\rc.write.1.tlog
C:\PSCF\SRC\PSCF-SOLUTION\SYNCHECK\DEBUG\SERIES.OBJ
C:\PSCF\SRC\PSCF-SOLUTION\SYNCHECK\DEBUG\SYNCHECK.EXE.EMBED.MANIFEST
C:\PSCF\SRC\PSCF-SOLUTION\SYNCHECK\DEBUG\SYNCHECK.EXE.EMBED.MANIFEST.RES
C:\PSCF\SRC\PSCF-SOLUTION\SYNCHECK\DEBUG\SYNCHECK.EXE.INTERMEDIATE.MANIFEST
C:\PSCF\src\pscf-solution\syncheck\Debug\syncheck_manifest.rc
C:\PSCF\src\pscf-solution\syncheck\Debug\vc100.idb
C:\PSCF\SRC\PSCF-SOLUTION\SYNCHECK\DEBUG\VC100.PDB
C:\PSCF\SRC\PSCF-SOLUTION\SYNCHECK\DEBUG\YACC.TAB.OBJ
C:\PSCF\SRC\PSCF-SOLUTION\SYNCHECK\DEBUG\YYERROR.OBJ
C:\PSCF\SRC\PSCF-SOLUTION\SYNCHECK\DEBUG\YYWRAP.OBJ
C:\PSCF\SYSTEM\BIN\SYNCHECK.EXE
C:\PSCF\SYSTEM\BIN\SYNCHECK.ILK
C:\PSCF\SYSTEM\BIN\SYNCHECK.PDB
