C:\PSCF\SRC\PSCF-SOLUTION\DEBUG\UTILS.LIB
C:\PSCF\SRC\PSCF-SOLUTION\UTILS\DEBUG\ATOI.OBJ
C:\PSCF\src\pscf-solution\utils\Debug\cl.command.1.tlog
C:\PSCF\src\pscf-solution\utils\Debug\CL.read.1.tlog
C:\PSCF\src\pscf-solution\utils\Debug\CL.write.1.tlog
C:\PSCF\SRC\PSCF-SOLUTION\UTILS\DEBUG\CONCAT.OBJ
C:\PSCF\SRC\PSCF-SOLUTION\UTILS\DEBUG\COPY.OBJ
C:\PSCF\SRC\PSCF-SOLUTION\UTILS\DEBUG\EXIT.OBJ
C:\PSCF\SRC\PSCF-SOLUTION\UTILS\DEBUG\FGETS.OBJ
C:\PSCF\src\pscf-solution\utils\Debug\lib.command.1.tlog
C:\PSCF\src\pscf-solution\utils\Debug\Lib-link.read.1.tlog
C:\PSCF\src\pscf-solution\utils\Debug\Lib-link.write.1.tlog
C:\PSCF\SRC\PSCF-SOLUTION\UTILS\DEBUG\LISTS.OBJ
C:\PSCF\SRC\PSCF-SOLUTION\UTILS\DEBUG\LISTS2.OBJ
C:\PSCF\SRC\PSCF-SOLUTION\UTILS\DEBUG\NWORDSIN.OBJ
C:\PSCF\SRC\PSCF-SOLUTION\UTILS\DEBUG\PATTERN.OBJ
C:\PSCF\SRC\PSCF-SOLUTION\UTILS\DEBUG\REPLACE.OBJ
C:\PSCF\SRC\PSCF-SOLUTION\UTILS\DEBUG\SKIPEOL.OBJ
C:\PSCF\SRC\PSCF-SOLUTION\UTILS\DEBUG\SPLIT.OBJ
C:\PSCF\SRC\PSCF-SOLUTION\UTILS\DEBUG\STARTSWITH.OBJ
C:\PSCF\SRC\PSCF-SOLUTION\UTILS\DEBUG\TIMESTMP.OBJ
C:\PSCF\SRC\PSCF-SOLUTION\UTILS\DEBUG\TRIM.OBJ
C:\PSCF\SRC\PSCF-SOLUTION\UTILS\DEBUG\VARARGS.OBJ
C:\PSCF\src\pscf-solution\utils\Debug\vc100.idb
C:\PSCF\SRC\PSCF-SOLUTION\UTILS\DEBUG\VC100.PDB
C:\PSCF\SRC\PSCF-SOLUTION\UTILS\DEBUG\WFREE.OBJ
