..\..\..\system\bin\genprog.ilk
..\..\..\system\bin\genprog.pdb
C:\PSCF\src\pscf-solution\genprog\..\..\..\system\bin\genprog.exe
C:\PSCF\SRC\PSCF-SOLUTION\GENPROG\DEBUG\ADJUSTMENTS.OBJ
C:\PSCF\src\pscf-solution\genprog\Debug\cl.command.1.tlog
C:\PSCF\src\pscf-solution\genprog\Debug\CL.read.1.tlog
C:\PSCF\src\pscf-solution\genprog\Debug\CL.write.1.tlog
C:\PSCF\SRC\PSCF-SOLUTION\GENPROG\DEBUG\COUNTM.OBJ
C:\PSCF\SRC\PSCF-SOLUTION\GENPROG\DEBUG\GENPROG.EXE.EMBED.MANIFEST
C:\PSCF\SRC\PSCF-SOLUTION\GENPROG\DEBUG\GENPROG.EXE.EMBED.MANIFEST.RES
C:\PSCF\SRC\PSCF-SOLUTION\GENPROG\DEBUG\GENPROG.EXE.INTERMEDIATE.MANIFEST
C:\PSCF\src\pscf-solution\genprog\Debug\genprog_manifest.rc
C:\PSCF\SRC\PSCF-SOLUTION\GENPROG\DEBUG\GET.OBJ
C:\PSCF\src\pscf-solution\genprog\Debug\link.9632.read.1.tlog
C:\PSCF\src\pscf-solution\genprog\Debug\link.9632.write.1.tlog
C:\PSCF\src\pscf-solution\genprog\Debug\link.9632-cvtres.read.1.tlog
C:\PSCF\src\pscf-solution\genprog\Debug\link.9632-cvtres.write.1.tlog
C:\PSCF\src\pscf-solution\genprog\Debug\link.command.1.tlog
C:\PSCF\src\pscf-solution\genprog\Debug\link.read.1.tlog
C:\PSCF\src\pscf-solution\genprog\Debug\link.write.1.tlog
C:\PSCF\src\pscf-solution\genprog\Debug\link-cvtres.read.1.tlog
C:\PSCF\src\pscf-solution\genprog\Debug\link-cvtres.write.1.tlog
C:\PSCF\SRC\PSCF-SOLUTION\GENPROG\DEBUG\MAIN.OBJ
C:\PSCF\src\pscf-solution\genprog\Debug\mt.command.1.tlog
C:\PSCF\src\pscf-solution\genprog\Debug\mt.read.1.tlog
C:\PSCF\src\pscf-solution\genprog\Debug\mt.write.1.tlog
C:\PSCF\SRC\PSCF-SOLUTION\GENPROG\DEBUG\PROCESS.OBJ
C:\PSCF\src\pscf-solution\genprog\Debug\rc.command.1.tlog
C:\PSCF\src\pscf-solution\genprog\Debug\rc.read.1.tlog
C:\PSCF\src\pscf-solution\genprog\Debug\rc.write.1.tlog
C:\PSCF\SRC\PSCF-SOLUTION\GENPROG\DEBUG\SHEET.OBJ
C:\PSCF\SRC\PSCF-SOLUTION\GENPROG\DEBUG\TPL.OBJ
C:\PSCF\SRC\PSCF-SOLUTION\GENPROG\DEBUG\UTILS.OBJ
C:\PSCF\src\pscf-solution\genprog\Debug\vc100.idb
C:\PSCF\SRC\PSCF-SOLUTION\GENPROG\DEBUG\VC100.PDB
C:\PSCF\SYSTEM\BIN\GENPROG.EXE
C:\PSCF\SYSTEM\BIN\GENPROG.ILK
C:\PSCF\SYSTEM\BIN\GENPROG.PDB
