..\..\..\system\bin\errmap.ilk
..\..\..\system\bin\errmap.pdb
C:\PSCF\src\pscf-solution\errmap\..\..\..\system\bin\errmap.exe
C:\PSCF\src\pscf-solution\errmap\Debug\cl.command.1.tlog
C:\PSCF\src\pscf-solution\errmap\Debug\CL.read.1.tlog
C:\PSCF\src\pscf-solution\errmap\Debug\CL.write.1.tlog
C:\PSCF\SRC\PSCF-SOLUTION\ERRMAP\DEBUG\ERRMAP.EXE.EMBED.MANIFEST
C:\PSCF\SRC\PSCF-SOLUTION\ERRMAP\DEBUG\ERRMAP.EXE.EMBED.MANIFEST.RES
C:\PSCF\SRC\PSCF-SOLUTION\ERRMAP\DEBUG\ERRMAP.EXE.INTERMEDIATE.MANIFEST
C:\PSCF\src\pscf-solution\errmap\Debug\errmap.write.1.tlog
C:\PSCF\src\pscf-solution\errmap\Debug\errmap_manifest.rc
C:\PSCF\src\pscf-solution\errmap\Debug\link.8456.read.1.tlog
C:\PSCF\src\pscf-solution\errmap\Debug\link.8456.write.1.tlog
C:\PSCF\src\pscf-solution\errmap\Debug\link.8456-cvtres.read.1.tlog
C:\PSCF\src\pscf-solution\errmap\Debug\link.8456-cvtres.write.1.tlog
C:\PSCF\src\pscf-solution\errmap\Debug\link.command.1.tlog
C:\PSCF\src\pscf-solution\errmap\Debug\link.read.1.tlog
C:\PSCF\src\pscf-solution\errmap\Debug\link.write.1.tlog
C:\PSCF\src\pscf-solution\errmap\Debug\link-cvtres.read.1.tlog
C:\PSCF\src\pscf-solution\errmap\Debug\link-cvtres.write.1.tlog
C:\PSCF\SRC\PSCF-SOLUTION\ERRMAP\DEBUG\MAIN.OBJ
C:\PSCF\src\pscf-solution\errmap\Debug\mt.command.1.tlog
C:\PSCF\src\pscf-solution\errmap\Debug\mt.read.1.tlog
C:\PSCF\src\pscf-solution\errmap\Debug\mt.write.1.tlog
C:\PSCF\src\pscf-solution\errmap\Debug\rc.command.1.tlog
C:\PSCF\src\pscf-solution\errmap\Debug\rc.read.1.tlog
C:\PSCF\src\pscf-solution\errmap\Debug\rc.write.1.tlog
C:\PSCF\src\pscf-solution\errmap\Debug\vc100.idb
C:\PSCF\SRC\PSCF-SOLUTION\ERRMAP\DEBUG\VC100.PDB
C:\PSCF\SYSTEM\BIN\ERRMAP.EXE
C:\PSCF\SYSTEM\BIN\ERRMAP.ILK
C:\PSCF\SYSTEM\BIN\ERRMAP.PDB
