..\..\..\system\bin\genprog2.ilk
..\..\..\system\bin\genprog2.pdb
C:\PSCF\src\pscf-solution\genprog2\..\..\..\system\bin\genprog2.exe
C:\PSCF\SRC\PSCF-SOLUTION\GENPROG2\DEBUG\ADJUSTMENTS.OBJ
C:\PSCF\SRC\PSCF-SOLUTION\GENPROG2\DEBUG\ASSESS.OBJ
C:\PSCF\src\pscf-solution\genprog2\Debug\cl.command.1.tlog
C:\PSCF\src\pscf-solution\genprog2\Debug\CL.read.1.tlog
C:\PSCF\src\pscf-solution\genprog2\Debug\CL.write.1.tlog
C:\PSCF\SRC\PSCF-SOLUTION\GENPROG2\DEBUG\COUNTM.OBJ
C:\PSCF\SRC\PSCF-SOLUTION\GENPROG2\DEBUG\GENPROG2.EXE.EMBED.MANIFEST
C:\PSCF\SRC\PSCF-SOLUTION\GENPROG2\DEBUG\GENPROG2.EXE.EMBED.MANIFEST.RES
C:\PSCF\SRC\PSCF-SOLUTION\GENPROG2\DEBUG\GENPROG2.EXE.INTERMEDIATE.MANIFEST
C:\PSCF\src\pscf-solution\genprog2\Debug\genprog2.write.1.tlog
C:\PSCF\src\pscf-solution\genprog2\Debug\genprog2_manifest.rc
C:\PSCF\SRC\PSCF-SOLUTION\GENPROG2\DEBUG\GET.OBJ
C:\PSCF\src\pscf-solution\genprog2\Debug\link.5524.read.1.tlog
C:\PSCF\src\pscf-solution\genprog2\Debug\link.5524.write.1.tlog
C:\PSCF\src\pscf-solution\genprog2\Debug\link.5524-cvtres.read.1.tlog
C:\PSCF\src\pscf-solution\genprog2\Debug\link.5524-cvtres.write.1.tlog
C:\PSCF\src\pscf-solution\genprog2\Debug\link.command.1.tlog
C:\PSCF\src\pscf-solution\genprog2\Debug\link.read.1.tlog
C:\PSCF\src\pscf-solution\genprog2\Debug\link.write.1.tlog
C:\PSCF\src\pscf-solution\genprog2\Debug\link-cvtres.read.1.tlog
C:\PSCF\src\pscf-solution\genprog2\Debug\link-cvtres.write.1.tlog
C:\PSCF\SRC\PSCF-SOLUTION\GENPROG2\DEBUG\MAIN.OBJ
C:\PSCF\src\pscf-solution\genprog2\Debug\mt.command.1.tlog
C:\PSCF\src\pscf-solution\genprog2\Debug\mt.read.1.tlog
C:\PSCF\src\pscf-solution\genprog2\Debug\mt.write.1.tlog
C:\PSCF\SRC\PSCF-SOLUTION\GENPROG2\DEBUG\NCORES.OBJ
C:\PSCF\SRC\PSCF-SOLUTION\GENPROG2\DEBUG\PROCESS.OBJ
C:\PSCF\src\pscf-solution\genprog2\Debug\rc.command.1.tlog
C:\PSCF\src\pscf-solution\genprog2\Debug\rc.read.1.tlog
C:\PSCF\src\pscf-solution\genprog2\Debug\rc.write.1.tlog
C:\PSCF\SRC\PSCF-SOLUTION\GENPROG2\DEBUG\SHEET.OBJ
C:\PSCF\SRC\PSCF-SOLUTION\GENPROG2\DEBUG\THVAL.OBJ
C:\PSCF\SRC\PSCF-SOLUTION\GENPROG2\DEBUG\TPL.OBJ
C:\PSCF\SRC\PSCF-SOLUTION\GENPROG2\DEBUG\UTILS.OBJ
C:\PSCF\src\pscf-solution\genprog2\Debug\vc100.idb
C:\PSCF\SRC\PSCF-SOLUTION\GENPROG2\DEBUG\VC100.PDB
C:\PSCF\SYSTEM\BIN\GENPROG2.EXE
C:\PSCF\SYSTEM\BIN\GENPROG2.ILK
C:\PSCF\SYSTEM\BIN\GENPROG2.PDB
